emremusic/app/build/intermediates/manifest_merge_blame_file/release/manifest-merger-blame-release-report.txt
1<?xml version="1.0" encoding="utf-8"?>
2<manifest xmlns:android="http://schemas.android.com/apk/res/android"
3    package="com.example.emremusic"
4    android:versionCode="1"
5    android:versionName="1.0" >
6
7    <uses-sdk
8        android:minSdkVersion="21"
8-->src\main\AndroidManifest.xml
9        android:targetSdkVersion="32" />
9-->src\main\AndroidManifest.xml
10
11    <uses-permission android:name="android.permission.READ_EXTERNAL_STORAGE" />
11-->src\main\AndroidManifest.xml:5:5-80
11-->src\main\AndroidManifest.xml:5:22-77
12
13    <application
13-->src\main\AndroidManifest.xml:7:5-38:19
14        android:allowBackup="true"
14-->src\main\AndroidManifest.xml:8:9-35
15        android:appComponentFactory="androidx.core.app.CoreComponentFactory"
15-->[androidx.core:core:1.8.0] AndroidManifest.xml:24:18-86
16        android:dataExtractionRules="@xml/data_extraction_rules"
16-->src\main\AndroidManifest.xml:9:9-65
17        android:fullBackupContent="@xml/backup_rules"
17-->src\main\AndroidManifest.xml:10:9-54
18        android:icon="@mipmap/ic_launcher"
18-->src\main\AndroidManifest.xml:11:9-43
19        android:label="@string/app_name"
19-->src\main\AndroidManifest.xml:13:9-41
20        android:requestLegacyExternalStorage="true"
20-->src\main\AndroidManifest.xml:12:9-52
21        android:roundIcon="@mipmap/ic_launcher_round"
21-->src\main\AndroidManifest.xml:14:9-54
22        android:supportsRtl="true"
22-->src\main\AndroidManifest.xml:15:9-35
23        android:theme="@style/Theme.EmreMusic" >
23-->src\main\AndroidManifest.xml:16:9-47
24        <activity
24-->src\main\AndroidManifest.xml:18:9-24:20
25            android:name="com.example.emremusic.MusicPlayerActivity"
25-->src\main\AndroidManifest.xml:19:13-48
26            android:exported="false" >
26-->src\main\AndroidManifest.xml:20:13-37
27            <meta-data
27-->src\main\AndroidManifest.xml:21:13-23:36
28                android:name="android.app.lib_name"
28-->src\main\AndroidManifest.xml:22:17-52
29                android:value="" />
29-->src\main\AndroidManifest.xml:23:17-33
30        </activity>
31        <activity
31-->src\main\AndroidManifest.xml:25:9-37:20
32            android:name="com.example.emremusic.MainActivity"
32-->src\main\AndroidManifest.xml:26:13-41
33            android:exported="true" >
33-->src\main\AndroidManifest.xml:27:13-36
34            <intent-filter>
34-->src\main\AndroidManifest.xml:28:13-32:29
35                <action android:name="android.intent.action.MAIN" />
35-->src\main\AndroidManifest.xml:29:17-69
35-->src\main\AndroidManifest.xml:29:25-66
36
37                <category android:name="android.intent.category.LAUNCHER" />
37-->src\main\AndroidManifest.xml:31:17-77
37-->src\main\AndroidManifest.xml:31:27-74
38            </intent-filter>
39
40            <meta-data
40-->src\main\AndroidManifest.xml:21:13-23:36
41                android:name="android.app.lib_name"
41-->src\main\AndroidManifest.xml:22:17-52
42                android:value="" />
42-->src\main\AndroidManifest.xml:23:17-33
43        </activity>
44
45        <provider
45-->[androidx.emoji2:emoji2:1.2.0] AndroidManifest.xml:24:9-32:20
46            android:name="androidx.startup.InitializationProvider"
46-->[androidx.emoji2:emoji2:1.2.0] AndroidManifest.xml:25:13-67
47            android:authorities="com.example.emremusic.androidx-startup"
47-->[androidx.emoji2:emoji2:1.2.0] AndroidManifest.xml:26:13-68
48            android:exported="false" >
48-->[androidx.emoji2:emoji2:1.2.0] AndroidManifest.xml:27:13-37
49            <meta-data
49-->[androidx.emoji2:emoji2:1.2.0] AndroidManifest.xml:29:13-31:52
50                android:name="androidx.emoji2.text.EmojiCompatInitializer"
50-->[androidx.emoji2:emoji2:1.2.0] AndroidManifest.xml:30:17-75
51                android:value="androidx.startup" />
51-->[androidx.emoji2:emoji2:1.2.0] AndroidManifest.xml:31:17-49
52            <meta-data
52-->[androidx.lifecycle:lifecycle-process:2.4.1] AndroidManifest.xml:31:13-33:52
53                android:name="androidx.lifecycle.ProcessLifecycleInitializer"
53-->[androidx.lifecycle:lifecycle-process:2.4.1] AndroidManifest.xml:32:17-78
54                android:value="androidx.startup" />
54-->[androidx.lifecycle:lifecycle-process:2.4.1] AndroidManifest.xml:33:17-49
55        </provider>
56    </application>
57
58</manifest>